INFO:  latexindent.pl version 3.24.5, 2025-03-13, a script to indent .tex files
       latexindent.pl lives here: /opt/homebrew/Cellar/latexindent/3.24.5/libexec/bin/
       Fri Aug 22 22:26:43 2025
       Filename: /Users/saikurelli/Documents/Resume/Sai's_Resume.tex
INFO:  Processing switches:
INFO:  Directory for backup files and log file indent.log:
       /Users/saikurelli/Documents/Resume
INFO:  Perl modules are being loaded from the following directories:
       /opt/homebrew/opt/perl/lib/perl5/5.40/FindBin.pm
       /opt/homebrew/Cellar/latexindent/3.24.5/libexec/lib/perl5/YAML/Tiny.pm
       /opt/homebrew/opt/perl/lib/perl5/5.40/File/Copy.pm
       /opt/homebrew/opt/perl/lib/perl5/5.40/File/Basename.pm
       /opt/homebrew/opt/perl/lib/perl5/5.40/Getopt/Long.pm
       /opt/homebrew/Cellar/latexindent/3.24.5/libexec/lib/perl5/File/HomeDir.pm
INFO:  LatexIndent perl modules are being loaded from, for example:
       /opt/homebrew/Cellar/latexindent/3.24.5/libexec/lib/perl5/LatexIndent/Document.pm
INFO:  YAML settings read: defaultSettings.yaml
       Reading defaultSettings.yaml from /opt/homebrew/Cellar/latexindent/3.24.5/libexec/bin/defaultSettings.yaml
INFO:  YAML reading settings
       Home directory is /Users/saikurelli
       latexindent.pl didn't find indentconfig.yaml or .indentconfig.yaml
       see all possible locations: https://latexindentpl.readthedocs.io/en/latest/sec-appendices.html#indentconfig-options)
INFO:  Phase 1: searching for objects
INFO:  Phase 2: finding surrounding indentation
INFO:  Phase 3: indenting objects
INFO:  Phase 4: final indentation check
INFO:  Output routine:
       Not outputting to file; see -w and -o switches for more options.
       --------------
INFO:  Please direct all communication/issues to:
        https://github.com/cmhughes/latexindent.pl
